<?xml version="1.0" encoding="UTF-8"?>
<testng-results skipped="0" failed="0" total="1" passed="1">
  <reporter-output>
  </reporter-output>
  <suite name="Default suite" duration-ms="19119" started-at="2016-02-25T11:37:34Z" finished-at="2016-02-25T11:37:53Z">
    <groups>
    </groups>
    <test name="Default test" duration-ms="19119" started-at="2016-02-25T11:37:34Z" finished-at="2016-02-25T11:37:53Z">
      <class name="src.test.java.AppiumTest">
        <test-method status="PASS" signature="f()[pri:0, instance:src.test.java.AppiumTest@17f6480]" name="f" duration-ms="19094" started-at="2016-02-25T17:07:34Z" finished-at="2016-02-25T17:07:53Z">
          <reporter-output>
          </reporter-output>
        </test-method> <!-- f -->
      </class> <!-- src.test.java.AppiumTest -->
    </test> <!-- Default test -->
  </suite> <!-- Default suite -->
</testng-results>
